[INFO] Scanning for projects...
[INFO] 
[INFO] ----------------------< com.rev:passwordmanager >-----------------------
[INFO] Building RevPasswordManager 0.0.1-SNAPSHOT
[INFO]   from pom.xml
[INFO] --------------------------------[ jar ]---------------------------------
[INFO] 
[INFO] --- clean:3.4.1:clean (default-clean) @ passwordmanager ---
[INFO] Deleting C:\revpasswordmanager\revpasswordmanager\passwordmanager\target
[INFO] 
[INFO] --- resources:3.3.1:resources (default-resources) @ passwordmanager ---
[INFO] Copying 1 resource from src\main\resources to target\classes
[INFO] Copying 1 resource from src\main\resources to target\classes
[INFO] 
[INFO] --- compiler:3.14.1:compile (default-compile) @ passwordmanager ---
[INFO] Recompiling the module because of changed source code.
[INFO] Compiling 32 source files with javac [debug parameters release 17] to target\classes
[INFO] ------------------------------------------------------------------------
[INFO] BUILD SUCCESS
[INFO] ------------------------------------------------------------------------
[INFO] Total time:  27.015 s
[INFO] Finished at: 2026-03-23T16:09:13+05:30
[INFO] ------------------------------------------------------------------------
