[INFO] Scanning for projects...
[INFO] 
[INFO] ----------------------< com.rev:passwordmanager >-----------------------
[INFO] Building RevPasswordManager 0.0.1-SNAPSHOT
[INFO]   from pom.xml
[INFO] --------------------------------[ jar ]---------------------------------
[INFO] 
[INFO] >>> spring-boot:3.5.10:run (default-cli) > test-compile @ passwordmanager >>>
[INFO] 
[INFO] --- resources:3.3.1:resources (default-resources) @ passwordmanager ---
[INFO] Copying 1 resource from src\main\resources to target\classes
[INFO] Copying 1 resource from src\main\resources to target\classes
[INFO] 
[INFO] --- compiler:3.14.1:compile (default-compile) @ passwordmanager ---
[INFO] Nothing to compile - all classes are up to date.
[INFO] 
[INFO] --- resources:3.3.1:testResources (default-testResources) @ passwordmanager ---
[INFO] skip non existing resourceDirectory C:\revpasswordmanager\revpasswordmanager\passwordmanager\src\test\resources
[INFO] 
[INFO] --- compiler:3.14.1:testCompile (default-testCompile) @ passwordmanager ---
[INFO] Nothing to compile - all classes are up to date.
[INFO] 
[INFO] <<< spring-boot:3.5.10:run (default-cli) < test-compile @ passwordmanager <<<
[INFO] 
[INFO] 
[INFO] --- spring-boot:3.5.10:run (default-cli) @ passwordmanager ---
[INFO] Attaching agents: []
SLF4J(W): Class path contains multiple SLF4J providers.
SLF4J(W): Found provider [ch.qos.logback.classic.spi.LogbackServiceProvider@63d4e2ba]
SLF4J(W): Found provider [org.apache.logging.slf4j.SLF4JServiceProvider@7bb11784]
SLF4J(W): See https://www.slf4j.org/codes.html#multiple_bindings for an explanation.
SLF4J(I): Actual provider is of type [ch.qos.logback.classic.spi.LogbackServiceProvider@63d4e2ba]
18:07:32.879 [main] INFO com.rev.passwordmanager.RevPasswordManagerApplication -- Starting Password Manager Application...

  .   ____          _            __ _ _
 /\\ / ___'_ __ _ _(_)_ __  __ _ \ \ \ \
( ( )\___ | '_ | '_| | '_ \/ _` | \ \ \ \
 \\/  ___)| |_)| | | | | || (_| |  ) ) ) )
  '  |____| .__|_| |_|_| |_\__, | / / / /
 =========|_|==============|___/=/_/_/_/

 :: Spring Boot ::               (v3.5.10)

2026-03-23T18:07:34.497+05:30  INFO 4280 --- [           main] c.r.p.RevPasswordManagerApplication      : Starting RevPasswordManagerApplication using Java 24.0.1 with PID 4280 (C:\revpasswordmanager\revpasswordmanager\passwordmanager\target\classes started by KIIT in C:\revpasswordmanager\revpasswordmanager\passwordmanager)
2026-03-23T18:07:34.501+05:30  INFO 4280 --- [           main] c.r.p.RevPasswordManagerApplication      : No active profile set, falling back to 1 default profile: "default"
2026-03-23T18:07:36.691+05:30  INFO 4280 --- [           main] .s.d.r.c.RepositoryConfigurationDelegate : Bootstrapping Spring Data JPA repositories in DEFAULT mode.
2026-03-23T18:07:36.867+05:30  INFO 4280 --- [           main] .s.d.r.c.RepositoryConfigurationDelegate : Finished Spring Data repository scanning in 152 ms. Found 4 JPA repository interfaces.
2026-03-23T18:07:38.619+05:30  INFO 4280 --- [           main] o.s.b.w.embedded.tomcat.TomcatWebServer  : Tomcat initialized with port 8081 (http)
2026-03-23T18:07:38.651+05:30  INFO 4280 --- [           main] o.apache.catalina.core.StandardService   : Starting service [Tomcat]
2026-03-23T18:07:38.651+05:30  INFO 4280 --- [           main] o.apache.catalina.core.StandardEngine    : Starting Servlet engine: [Apache Tomcat/10.1.50]
2026-03-23T18:07:38.843+05:30  INFO 4280 --- [           main] o.a.c.c.C.[Tomcat].[localhost].[/]       : Initializing Spring embedded WebApplicationContext
2026-03-23T18:07:38.844+05:30  INFO 4280 --- [           main] w.s.c.ServletWebServerApplicationContext : Root WebApplicationContext: initialization completed in 4195 ms
2026-03-23T18:07:39.193+05:30  INFO 4280 --- [           main] o.hibernate.jpa.internal.util.LogHelper  : HHH000204: Processing PersistenceUnitInfo [name: default]
2026-03-23T18:07:39.341+05:30  INFO 4280 --- [           main] org.hibernate.Version                    : HHH000412: Hibernate ORM core version 6.6.41.Final
2026-03-23T18:07:39.476+05:30  INFO 4280 --- [           main] o.h.c.internal.RegionFactoryInitiator    : HHH000026: Second-level cache disabled
2026-03-23T18:07:40.354+05:30  INFO 4280 --- [           main] o.s.o.j.p.SpringPersistenceUnitInfo      : No LoadTimeWeaver setup: ignoring JPA class transformer
2026-03-23T18:07:40.437+05:30  INFO 4280 --- [           main] com.zaxxer.hikari.HikariDataSource       : HikariPool-1 - Starting...
2026-03-23T18:07:40.876+05:30  INFO 4280 --- [           main] com.zaxxer.hikari.pool.HikariPool        : HikariPool-1 - Added connection com.mysql.cj.jdbc.ConnectionImpl@79604abe
2026-03-23T18:07:40.881+05:30  INFO 4280 --- [           main] com.zaxxer.hikari.HikariDataSource       : HikariPool-1 - Start completed.
2026-03-23T18:07:41.007+05:30  WARN 4280 --- [           main] org.hibernate.orm.deprecation            : HHH90000025: MySQLDialect does not need to be specified explicitly using 'hibernate.dialect' (remove the property setting and it will be selected by default)
2026-03-23T18:07:41.052+05:30  INFO 4280 --- [           main] org.hibernate.orm.connections.pooling    : HHH10001005: Database info:
	Database JDBC URL [Connecting through datasource 'HikariDataSource (HikariPool-1)']
	Database driver: undefined/unknown
	Database version: 8.0.44
	Autocommit mode: undefined/unknown
	Isolation level: undefined/unknown
	Minimum pool size: undefined/unknown
	Maximum pool size: undefined/unknown
2026-03-23T18:07:43.640+05:30  INFO 4280 --- [           main] o.h.e.t.j.p.i.JtaPlatformInitiator       : HHH000489: No JTA platform available (set 'hibernate.transaction.jta.platform' to enable JTA platform integration)
2026-03-23T18:07:43.830+05:30  INFO 4280 --- [           main] j.LocalContainerEntityManagerFactoryBean : Initialized JPA EntityManagerFactory for persistence unit 'default'
Hibernate: 
    select
        count(*) 
    from
        security_questions sq1_0
2026-03-23T18:07:51.344+05:30  INFO 4280 --- [           main] o.s.d.j.r.query.QueryEnhancerFactory     : Hibernate is in classpath; If applicable, HQL parser will be used.
2026-03-23T18:07:53.376+05:30  WARN 4280 --- [           main] JpaBaseConfiguration$JpaWebConfiguration : spring.jpa.open-in-view is enabled by default. Therefore, database queries may be performed during view rendering. Explicitly configure spring.jpa.open-in-view to disable this warning
2026-03-23T18:07:53.476+05:30  INFO 4280 --- [           main] r$InitializeUserDetailsManagerConfigurer : Global AuthenticationManager configured with UserDetailsService bean with name customUserDetailsService
2026-03-23T18:07:54.928+05:30  INFO 4280 --- [           main] o.s.b.w.embedded.tomcat.TomcatWebServer  : Tomcat started on port 8081 (http) with context path '/'
2026-03-23T18:07:54.950+05:30  INFO 4280 --- [           main] c.r.p.RevPasswordManagerApplication      : Started RevPasswordManagerApplication in 21.8 seconds (process running for 23.088)
2026-03-23T18:07:54.958+05:30  INFO 4280 --- [           main] c.r.p.RevPasswordManagerApplication      : Application Started Successfully
2026-03-23T18:11:52.059+05:30  INFO 4280 --- [nio-8081-exec-1] o.a.c.c.C.[Tomcat].[localhost].[/]       : Initializing Spring DispatcherServlet 'dispatcherServlet'
2026-03-23T18:11:52.063+05:30  INFO 4280 --- [nio-8081-exec-1] o.s.web.servlet.DispatcherServlet        : Initializing Servlet 'dispatcherServlet'
2026-03-23T18:11:52.080+05:30  INFO 4280 --- [nio-8081-exec-1] o.s.web.servlet.DispatcherServlet        : Completed initialization in 15 ms
Hibernate: 
    select
        u1_0.id,
        u1_0.email,
        u1_0.master_password_hash,
        u1_0.name,
        u1_0.otp_code,
        u1_0.otp_expiry,
        u1_0.phone,
        u1_0.two_factor_enabled,
        u1_0.username 
    from
        users u1_0 
    where
        u1_0.username=?
Hibernate: 
    select
        u1_0.id,
        u1_0.email,
        u1_0.master_password_hash,
        u1_0.name,
        u1_0.otp_code,
        u1_0.otp_expiry,
        u1_0.phone,
        u1_0.two_factor_enabled,
        u1_0.username 
    from
        users u1_0 
    where
        u1_0.email=?
Hibernate: 
    insert 
    into
        users
        (email, master_password_hash, name, otp_code, otp_expiry, phone, two_factor_enabled, username) 
    values
        (?, ?, ?, ?, ?, ?, ?, ?)
Hibernate: 
    select
        sq1_0.id,
        sq1_0.question_text 
    from
        security_questions sq1_0 
    where
        sq1_0.id=?
Hibernate: 
    insert 
    into
        user_security_answers
        (answer_hash, question_id, user_id) 
    values
        (?, ?, ?)
Hibernate: 
    select
        sq1_0.id,
        sq1_0.question_text 
    from
        security_questions sq1_0 
    where
        sq1_0.id=?
Hibernate: 
    insert 
    into
        user_security_answers
        (answer_hash, question_id, user_id) 
    values
        (?, ?, ?)
Hibernate: 
    select
        sq1_0.id,
        sq1_0.question_text 
    from
        security_questions sq1_0 
    where
        sq1_0.id=?
Hibernate: 
    insert 
    into
        user_security_answers
        (answer_hash, question_id, user_id) 
    values
        (?, ?, ?)
Hibernate: 
    select
        u1_0.id,
        u1_0.email,
        u1_0.master_password_hash,
        u1_0.name,
        u1_0.otp_code,
        u1_0.otp_expiry,
        u1_0.phone,
        u1_0.two_factor_enabled,
        u1_0.username 
    from
        users u1_0 
    where
        u1_0.username=?
Hibernate: 
    select
        u1_0.id,
        u1_0.email,
        u1_0.master_password_hash,
        u1_0.name,
        u1_0.otp_code,
        u1_0.otp_expiry,
        u1_0.phone,
        u1_0.two_factor_enabled,
        u1_0.username 
    from
        users u1_0 
    where
        u1_0.username=?
Hibernate: 
    select
        u1_0.id,
        u1_0.email,
        u1_0.master_password_hash,
        u1_0.name,
        u1_0.otp_code,
        u1_0.otp_expiry,
        u1_0.phone,
        u1_0.two_factor_enabled,
        u1_0.username 
    from
        users u1_0 
    where
        u1_0.username=?
Hibernate: 
    insert 
    into
        password_entries
        (account_name, category, created_at, encrypted_password, favorite, notes, user_id, username, website) 
    values
        (?, ?, ?, ?, ?, ?, ?, ?, ?)
Hibernate: 
    select
        u1_0.id,
        u1_0.email,
        u1_0.master_password_hash,
        u1_0.name,
        u1_0.otp_code,
        u1_0.otp_expiry,
        u1_0.phone,
        u1_0.two_factor_enabled,
        u1_0.username 
    from
        users u1_0 
    where
        u1_0.username=?
Hibernate: 
    select
        u1_0.id,
        u1_0.email,
        u1_0.master_password_hash,
        u1_0.name,
        u1_0.otp_code,
        u1_0.otp_expiry,
        u1_0.phone,
        u1_0.two_factor_enabled,
        u1_0.username 
    from
        users u1_0 
    where
        u1_0.username=?
Hibernate: 
    select
        pe1_0.id,
        pe1_0.account_name,
        pe1_0.category,
        pe1_0.created_at,
        pe1_0.encrypted_password,
        pe1_0.favorite,
        pe1_0.notes,
        pe1_0.user_id,
        pe1_0.username,
        pe1_0.website 
    from
        password_entries pe1_0 
    left join
        users u1_0 
            on u1_0.id=pe1_0.user_id 
    where
        u1_0.id=? 
    order by
        pe1_0.id desc 
    limit
        ?
Hibernate: 
    select
        u1_0.id,
        u1_0.email,
        u1_0.master_password_hash,
        u1_0.name,
        u1_0.otp_code,
        u1_0.otp_expiry,
        u1_0.phone,
        u1_0.two_factor_enabled,
        u1_0.username 
    from
        users u1_0 
    where
        u1_0.username=?
Hibernate: 
    select
        u1_0.id,
        u1_0.email,
        u1_0.master_password_hash,
        u1_0.name,
        u1_0.otp_code,
        u1_0.otp_expiry,
        u1_0.phone,
        u1_0.two_factor_enabled,
        u1_0.username 
    from
        users u1_0 
    where
        u1_0.username=?
Hibernate: 
    select
        u1_0.id,
        u1_0.email,
        u1_0.master_password_hash,
        u1_0.name,
        u1_0.otp_code,
        u1_0.otp_expiry,
        u1_0.phone,
        u1_0.two_factor_enabled,
        u1_0.username 
    from
        users u1_0 
    where
        u1_0.username=?
Hibernate: 
    select
        pe1_0.id,
        pe1_0.account_name,
        pe1_0.category,
        pe1_0.created_at,
        pe1_0.encrypted_password,
        pe1_0.favorite,
        pe1_0.notes,
        pe1_0.user_id,
        pe1_0.username,
        pe1_0.website 
    from
        password_entries pe1_0 
    left join
        users u1_0 
            on u1_0.id=pe1_0.user_id 
    where
        u1_0.id=? 
    order by
        pe1_0.id desc 
    limit
        ?
Hibernate: 
    select
        u1_0.id,
        u1_0.email,
        u1_0.master_password_hash,
        u1_0.name,
        u1_0.otp_code,
        u1_0.otp_expiry,
        u1_0.phone,
        u1_0.two_factor_enabled,
        u1_0.username 
    from
        users u1_0 
    where
        u1_0.username=?
Hibernate: 
    select
        u1_0.id,
        u1_0.email,
        u1_0.master_password_hash,
        u1_0.name,
        u1_0.otp_code,
        u1_0.otp_expiry,
        u1_0.phone,
        u1_0.two_factor_enabled,
        u1_0.username 
    from
        users u1_0 
    where
        u1_0.username=?
Hibernate: 
    select
        pe1_0.id,
        pe1_0.account_name,
        pe1_0.category,
        pe1_0.created_at,
        pe1_0.encrypted_password,
        pe1_0.favorite,
        pe1_0.notes,
        pe1_0.user_id,
        pe1_0.username,
        pe1_0.website 
    from
        password_entries pe1_0 
    left join
        users u1_0 
            on u1_0.id=pe1_0.user_id 
    where
        u1_0.id=? 
    limit
        ?
Hibernate: 
    select
        u1_0.id,
        u1_0.email,
        u1_0.master_password_hash,
        u1_0.name,
        u1_0.otp_code,
        u1_0.otp_expiry,
        u1_0.phone,
        u1_0.two_factor_enabled,
        u1_0.username 
    from
        users u1_0 
    where
        u1_0.username=?
Hibernate: 
    select
        u1_0.id,
        u1_0.email,
        u1_0.master_password_hash,
        u1_0.name,
        u1_0.otp_code,
        u1_0.otp_expiry,
        u1_0.phone,
        u1_0.two_factor_enabled,
        u1_0.username 
    from
        users u1_0 
    where
        u1_0.username=?
Hibernate: 
    select
        pe1_0.id,
        pe1_0.account_name,
        pe1_0.category,
        pe1_0.created_at,
        pe1_0.encrypted_password,
        pe1_0.favorite,
        pe1_0.notes,
        pe1_0.user_id,
        pe1_0.username,
        pe1_0.website 
    from
        password_entries pe1_0 
    left join
        users u1_0 
            on u1_0.id=pe1_0.user_id 
    where
        u1_0.id=? 
    order by
        pe1_0.id desc 
    limit
        ?
Hibernate: 
    select
        u1_0.id,
        u1_0.email,
        u1_0.master_password_hash,
        u1_0.name,
        u1_0.otp_code,
        u1_0.otp_expiry,
        u1_0.phone,
        u1_0.two_factor_enabled,
        u1_0.username 
    from
        users u1_0 
    where
        u1_0.username=?
Hibernate: 
    select
        u1_0.id,
        u1_0.email,
        u1_0.master_password_hash,
        u1_0.name,
        u1_0.otp_code,
        u1_0.otp_expiry,
        u1_0.phone,
        u1_0.two_factor_enabled,
        u1_0.username 
    from
        users u1_0 
    where
        u1_0.username=?
Hibernate: 
    select
        u1_0.id,
        u1_0.email,
        u1_0.master_password_hash,
        u1_0.name,
        u1_0.otp_code,
        u1_0.otp_expiry,
        u1_0.phone,
        u1_0.two_factor_enabled,
        u1_0.username 
    from
        users u1_0 
    where
        u1_0.username=?
Hibernate: 
    select
        u1_0.id,
        u1_0.email,
        u1_0.master_password_hash,
        u1_0.name,
        u1_0.otp_code,
        u1_0.otp_expiry,
        u1_0.phone,
        u1_0.two_factor_enabled,
        u1_0.username 
    from
        users u1_0 
    where
        u1_0.username=?
Hibernate: 
    update
        users 
    set
        email=?,
        master_password_hash=?,
        name=?,
        otp_code=?,
        otp_expiry=?,
        phone=?,
        two_factor_enabled=?,
        username=? 
    where
        id=?
Hibernate: 
    select
        u1_0.id,
        u1_0.email,
        u1_0.master_password_hash,
        u1_0.name,
        u1_0.otp_code,
        u1_0.otp_expiry,
        u1_0.phone,
        u1_0.two_factor_enabled,
        u1_0.username 
    from
        users u1_0 
    where
        u1_0.username=?
Hibernate: 
    select
        u1_0.id,
        u1_0.email,
        u1_0.master_password_hash,
        u1_0.name,
        u1_0.otp_code,
        u1_0.otp_expiry,
        u1_0.phone,
        u1_0.two_factor_enabled,
        u1_0.username 
    from
        users u1_0 
    where
        u1_0.username=?
Hibernate: 
    select
        u1_0.id,
        u1_0.email,
        u1_0.master_password_hash,
        u1_0.name,
        u1_0.otp_code,
        u1_0.otp_expiry,
        u1_0.phone,
        u1_0.two_factor_enabled,
        u1_0.username 
    from
        users u1_0 
    where
        u1_0.username=?
Hibernate: 
    select
        u1_0.id,
        u1_0.email,
        u1_0.master_password_hash,
        u1_0.name,
        u1_0.otp_code,
        u1_0.otp_expiry,
        u1_0.phone,
        u1_0.two_factor_enabled,
        u1_0.username 
    from
        users u1_0 
    where
        u1_0.username=?
Hibernate: 
    select
        u1_0.id,
        u1_0.email,
        u1_0.master_password_hash,
        u1_0.name,
        u1_0.otp_code,
        u1_0.otp_expiry,
        u1_0.phone,
        u1_0.two_factor_enabled,
        u1_0.username 
    from
        users u1_0 
    where
        u1_0.email=?
Hibernate: 
    update
        users 
    set
        email=?,
        master_password_hash=?,
        name=?,
        otp_code=?,
        otp_expiry=?,
        phone=?,
        two_factor_enabled=?,
        username=? 
    where
        id=?
Hibernate: 
    select
        u1_0.id,
        u1_0.email,
        u1_0.master_password_hash,
        u1_0.name,
        u1_0.otp_code,
        u1_0.otp_expiry,
        u1_0.phone,
        u1_0.two_factor_enabled,
        u1_0.username 
    from
        users u1_0 
    where
        u1_0.username=?
Hibernate: 
    select
        u1_0.id,
        u1_0.email,
        u1_0.master_password_hash,
        u1_0.name,
        u1_0.otp_code,
        u1_0.otp_expiry,
        u1_0.phone,
        u1_0.two_factor_enabled,
        u1_0.username 
    from
        users u1_0 
    where
        u1_0.username=?
Hibernate: 
    select
        pe1_0.id,
        pe1_0.account_name,
        pe1_0.category,
        pe1_0.created_at,
        pe1_0.encrypted_password,
        pe1_0.favorite,
        pe1_0.notes,
        pe1_0.user_id,
        pe1_0.username,
        pe1_0.website 
    from
        password_entries pe1_0 
    left join
        users u1_0 
            on u1_0.id=pe1_0.user_id 
    where
        u1_0.id=? 
    order by
        pe1_0.id desc 
    limit
        ?
Hibernate: 
    select
        u1_0.id,
        u1_0.email,
        u1_0.master_password_hash,
        u1_0.name,
        u1_0.otp_code,
        u1_0.otp_expiry,
        u1_0.phone,
        u1_0.two_factor_enabled,
        u1_0.username 
    from
        users u1_0 
    where
        u1_0.username=?
Hibernate: 
    select
        u1_0.id,
        u1_0.email,
        u1_0.master_password_hash,
        u1_0.name,
        u1_0.otp_code,
        u1_0.otp_expiry,
        u1_0.phone,
        u1_0.two_factor_enabled,
        u1_0.username 
    from
        users u1_0 
    where
        u1_0.username=?
Hibernate: 
    select
        pe1_0.id,
        pe1_0.account_name,
        pe1_0.category,
        pe1_0.created_at,
        pe1_0.encrypted_password,
        pe1_0.favorite,
        pe1_0.notes,
        pe1_0.user_id,
        u1_0.id,
        u1_0.email,
        u1_0.master_password_hash,
        u1_0.name,
        u1_0.otp_code,
        u1_0.otp_expiry,
        u1_0.phone,
        u1_0.two_factor_enabled,
        u1_0.username,
        pe1_0.username,
        pe1_0.website 
    from
        password_entries pe1_0 
    join
        users u1_0 
            on u1_0.id=pe1_0.user_id 
    where
        pe1_0.id=?
Hibernate: 
    delete 
    from
        password_entries 
    where
        id=?
Hibernate: 
    select
        u1_0.id,
        u1_0.email,
        u1_0.master_password_hash,
        u1_0.name,
        u1_0.otp_code,
        u1_0.otp_expiry,
        u1_0.phone,
        u1_0.two_factor_enabled,
        u1_0.username 
    from
        users u1_0 
    where
        u1_0.username=?
Hibernate: 
    select
        u1_0.id,
        u1_0.email,
        u1_0.master_password_hash,
        u1_0.name,
        u1_0.otp_code,
        u1_0.otp_expiry,
        u1_0.phone,
        u1_0.two_factor_enabled,
        u1_0.username 
    from
        users u1_0 
    where
        u1_0.username=?
Hibernate: 
    select
        pe1_0.id,
        pe1_0.account_name,
        pe1_0.category,
        pe1_0.created_at,
        pe1_0.encrypted_password,
        pe1_0.favorite,
        pe1_0.notes,
        pe1_0.user_id,
        pe1_0.username,
        pe1_0.website 
    from
        password_entries pe1_0 
    left join
        users u1_0 
            on u1_0.id=pe1_0.user_id 
    where
        u1_0.id=? 
    order by
        pe1_0.id desc 
    limit
        ?
Hibernate: 
    select
        u1_0.id,
        u1_0.email,
        u1_0.master_password_hash,
        u1_0.name,
        u1_0.otp_code,
        u1_0.otp_expiry,
        u1_0.phone,
        u1_0.two_factor_enabled,
        u1_0.username 
    from
        users u1_0 
    where
        u1_0.username=?
Hibernate: 
    select
        u1_0.id,
        u1_0.email,
        u1_0.master_password_hash,
        u1_0.name,
        u1_0.otp_code,
        u1_0.otp_expiry,
        u1_0.phone,
        u1_0.two_factor_enabled,
        u1_0.username 
    from
        users u1_0 
    where
        u1_0.username=?
Hibernate: 
    insert 
    into
        password_entries
        (account_name, category, created_at, encrypted_password, favorite, notes, user_id, username, website) 
    values
        (?, ?, ?, ?, ?, ?, ?, ?, ?)
Hibernate: 
    select
        u1_0.id,
        u1_0.email,
        u1_0.master_password_hash,
        u1_0.name,
        u1_0.otp_code,
        u1_0.otp_expiry,
        u1_0.phone,
        u1_0.two_factor_enabled,
        u1_0.username 
    from
        users u1_0 
    where
        u1_0.username=?
Hibernate: 
    select
        u1_0.id,
        u1_0.email,
        u1_0.master_password_hash,
        u1_0.name,
        u1_0.otp_code,
        u1_0.otp_expiry,
        u1_0.phone,
        u1_0.two_factor_enabled,
        u1_0.username 
    from
        users u1_0 
    where
        u1_0.username=?
Hibernate: 
    select
        pe1_0.id,
        pe1_0.account_name,
        pe1_0.category,
        pe1_0.created_at,
        pe1_0.encrypted_password,
        pe1_0.favorite,
        pe1_0.notes,
        pe1_0.user_id,
        pe1_0.username,
        pe1_0.website 
    from
        password_entries pe1_0 
    left join
        users u1_0 
            on u1_0.id=pe1_0.user_id 
    where
        u1_0.id=? 
    order by
        pe1_0.id desc 
    limit
        ?
