[INFO] Scanning for projects...
[INFO] 
[INFO] ----------------------< com.rev:passwordmanager >-----------------------
[INFO] Building RevPasswordManager 0.0.1-SNAPSHOT
[INFO]   from pom.xml
[INFO] --------------------------------[ jar ]---------------------------------
[INFO] 
[INFO] >>> spring-boot:3.5.10:run (default-cli) > test-compile @ passwordmanager >>>
[INFO] 
[INFO] --- resources:3.3.1:resources (default-resources) @ passwordmanager ---
[INFO] Copying 1 resource from src\main\resources to target\classes
[INFO] Copying 1 resource from src\main\resources to target\classes
[INFO] 
[INFO] --- compiler:3.14.1:compile (default-compile) @ passwordmanager ---
[INFO] Nothing to compile - all classes are up to date.
[INFO] 
[INFO] --- resources:3.3.1:testResources (default-testResources) @ passwordmanager ---
[INFO] skip non existing resourceDirectory C:\revpasswordmanager\revpasswordmanager\passwordmanager\src\test\resources
[INFO] 
[INFO] --- compiler:3.14.1:testCompile (default-testCompile) @ passwordmanager ---
[INFO] Nothing to compile - all classes are up to date.
[INFO] 
[INFO] <<< spring-boot:3.5.10:run (default-cli) < test-compile @ passwordmanager <<<
[INFO] 
[INFO] 
[INFO] --- spring-boot:3.5.10:run (default-cli) @ passwordmanager ---
[INFO] Attaching agents: []
SLF4J(W): Class path contains multiple SLF4J providers.
SLF4J(W): Found provider [ch.qos.logback.classic.spi.LogbackServiceProvider@63d4e2ba]
SLF4J(W): Found provider [org.apache.logging.slf4j.SLF4JServiceProvider@7bb11784]
SLF4J(W): See https://www.slf4j.org/codes.html#multiple_bindings for an explanation.
SLF4J(I): Actual provider is of type [ch.qos.logback.classic.spi.LogbackServiceProvider@63d4e2ba]
17:54:04.619 [main] INFO com.rev.passwordmanager.RevPasswordManagerApplication -- Starting Password Manager Application...

  .   ____          _            __ _ _
 /\\ / ___'_ __ _ _(_)_ __  __ _ \ \ \ \
( ( )\___ | '_ | '_| | '_ \/ _` | \ \ \ \
 \\/  ___)| |_)| | | | | || (_| |  ) ) ) )
  '  |____| .__|_| |_|_| |_\__, | / / / /
 =========|_|==============|___/=/_/_/_/

 :: Spring Boot ::               (v3.5.10)

2026-03-23T17:54:06.181+05:30  INFO 12960 --- [           main] c.r.p.RevPasswordManagerApplication      : Starting RevPasswordManagerApplication using Java 24.0.1 with PID 12960 (C:\revpasswordmanager\revpasswordmanager\passwordmanager\target\classes started by KIIT in C:\revpasswordmanager\revpasswordmanager\passwordmanager)
2026-03-23T17:54:06.185+05:30  INFO 12960 --- [           main] c.r.p.RevPasswordManagerApplication      : No active profile set, falling back to 1 default profile: "default"
2026-03-23T17:54:08.288+05:30  INFO 12960 --- [           main] .s.d.r.c.RepositoryConfigurationDelegate : Bootstrapping Spring Data JPA repositories in DEFAULT mode.
2026-03-23T17:54:08.708+05:30  INFO 12960 --- [           main] .s.d.r.c.RepositoryConfigurationDelegate : Finished Spring Data repository scanning in 389 ms. Found 4 JPA repository interfaces.
2026-03-23T17:54:10.397+05:30  INFO 12960 --- [           main] o.s.b.w.embedded.tomcat.TomcatWebServer  : Tomcat initialized with port 8080 (http)
2026-03-23T17:54:10.436+05:30  INFO 12960 --- [           main] o.apache.catalina.core.StandardService   : Starting service [Tomcat]
2026-03-23T17:54:10.437+05:30  INFO 12960 --- [           main] o.apache.catalina.core.StandardEngine    : Starting Servlet engine: [Apache Tomcat/10.1.50]
2026-03-23T17:54:10.574+05:30  INFO 12960 --- [           main] o.a.c.c.C.[Tomcat].[localhost].[/]       : Initializing Spring embedded WebApplicationContext
2026-03-23T17:54:10.575+05:30  INFO 12960 --- [           main] w.s.c.ServletWebServerApplicationContext : Root WebApplicationContext: initialization completed in 4254 ms
2026-03-23T17:54:10.875+05:30  INFO 12960 --- [           main] o.hibernate.jpa.internal.util.LogHelper  : HHH000204: Processing PersistenceUnitInfo [name: default]
2026-03-23T17:54:10.993+05:30  INFO 12960 --- [           main] org.hibernate.Version                    : HHH000412: Hibernate ORM core version 6.6.41.Final
2026-03-23T17:54:11.074+05:30  INFO 12960 --- [           main] o.h.c.internal.RegionFactoryInitiator    : HHH000026: Second-level cache disabled
2026-03-23T17:54:11.843+05:30  INFO 12960 --- [           main] o.s.o.j.p.SpringPersistenceUnitInfo      : No LoadTimeWeaver setup: ignoring JPA class transformer
2026-03-23T17:54:11.918+05:30  INFO 12960 --- [           main] com.zaxxer.hikari.HikariDataSource       : HikariPool-1 - Starting...
2026-03-23T17:54:13.835+05:30  INFO 12960 --- [           main] com.zaxxer.hikari.pool.HikariPool        : HikariPool-1 - Added connection com.mysql.cj.jdbc.ConnectionImpl@4ccdacf5
2026-03-23T17:54:13.839+05:30  INFO 12960 --- [           main] com.zaxxer.hikari.HikariDataSource       : HikariPool-1 - Start completed.
2026-03-23T17:54:13.982+05:30  WARN 12960 --- [           main] org.hibernate.orm.deprecation            : HHH90000025: MySQLDialect does not need to be specified explicitly using 'hibernate.dialect' (remove the property setting and it will be selected by default)
2026-03-23T17:54:14.027+05:30  INFO 12960 --- [           main] org.hibernate.orm.connections.pooling    : HHH10001005: Database info:
	Database JDBC URL [Connecting through datasource 'HikariDataSource (HikariPool-1)']
	Database driver: undefined/unknown
	Database version: 8.0.44
	Autocommit mode: undefined/unknown
	Isolation level: undefined/unknown
	Minimum pool size: undefined/unknown
	Maximum pool size: undefined/unknown
2026-03-23T17:54:16.866+05:30  INFO 12960 --- [           main] o.h.e.t.j.p.i.JtaPlatformInitiator       : HHH000489: No JTA platform available (set 'hibernate.transaction.jta.platform' to enable JTA platform integration)
Hibernate: 
    create table password_entries (
        id bigint not null auto_increment,
        account_name varchar(255),
        category varchar(255),
        created_at datetime(6),
        encrypted_password varchar(255) not null,
        favorite bit not null,
        notes varchar(255),
        username varchar(255),
        website varchar(255),
        user_id bigint not null,
        primary key (id)
    ) engine=InnoDB
Hibernate: 
    create table security_questions (
        id bigint not null auto_increment,
        question_text varchar(255) not null,
        primary key (id)
    ) engine=InnoDB
Hibernate: 
    create table user_security_answers (
        id bigint not null auto_increment,
        answer_hash varchar(255) not null,
        question_id bigint not null,
        user_id bigint not null,
        primary key (id)
    ) engine=InnoDB
Hibernate: 
    create table users (
        id bigint not null auto_increment,
        email varchar(255) not null,
        master_password_hash varchar(255) not null,
        name varchar(255),
        otp_code varchar(255),
        otp_expiry datetime(6),
        phone varchar(255),
        two_factor_enabled bit not null,
        username varchar(255) not null,
        primary key (id)
    ) engine=InnoDB
Hibernate: 
    alter table security_questions 
       drop index UKa43xme17dsg92we6u23nidwr0
Hibernate: 
    alter table security_questions 
       add constraint UKa43xme17dsg92we6u23nidwr0 unique (question_text)
Hibernate: 
    alter table users 
       drop index UK6dotkott2kjsp8vw4d0m25fb7
Hibernate: 
    alter table users 
       add constraint UK6dotkott2kjsp8vw4d0m25fb7 unique (email)
Hibernate: 
    alter table users 
       drop index UKr43af9ap4edm43mmtq01oddj6
Hibernate: 
    alter table users 
       add constraint UKr43af9ap4edm43mmtq01oddj6 unique (username)
Hibernate: 
    alter table password_entries 
       add constraint FKlc5bu9awlvim9aeeuha56nhdj 
       foreign key (user_id) 
       references users (id)
Hibernate: 
    alter table user_security_answers 
       add constraint FKsryofuphu9wk8h40dw8d1uucp 
       foreign key (question_id) 
       references security_questions (id)
Hibernate: 
    alter table user_security_answers 
       add constraint FKlc9d36wrjimywx8tev30w1b4v 
       foreign key (user_id) 
       references users (id)
2026-03-23T17:54:17.828+05:30  INFO 12960 --- [           main] j.LocalContainerEntityManagerFactoryBean : Initialized JPA EntityManagerFactory for persistence unit 'default'
Hibernate: 
    select
        count(*) 
    from
        security_questions sq1_0
Hibernate: 
    insert 
    into
        security_questions
        (question_text) 
    values
        (?)
Hibernate: 
    insert 
    into
        security_questions
        (question_text) 
    values
        (?)
Hibernate: 
    insert 
    into
        security_questions
        (question_text) 
    values
        (?)
Hibernate: 
    insert 
    into
        security_questions
        (question_text) 
    values
        (?)
Hibernate: 
    insert 
    into
        security_questions
        (question_text) 
    values
        (?)
Default security questions inserted.
2026-03-23T17:54:25.650+05:30  INFO 12960 --- [           main] o.s.d.j.r.query.QueryEnhancerFactory     : Hibernate is in classpath; If applicable, HQL parser will be used.
2026-03-23T17:54:28.135+05:30  WARN 12960 --- [           main] JpaBaseConfiguration$JpaWebConfiguration : spring.jpa.open-in-view is enabled by default. Therefore, database queries may be performed during view rendering. Explicitly configure spring.jpa.open-in-view to disable this warning
2026-03-23T17:54:28.240+05:30  INFO 12960 --- [           main] r$InitializeUserDetailsManagerConfigurer : Global AuthenticationManager configured with UserDetailsService bean with name customUserDetailsService
2026-03-23T17:54:29.586+05:30  WARN 12960 --- [           main] ConfigServletWebServerApplicationContext : Exception encountered during context initialization - cancelling refresh attempt: org.springframework.context.ApplicationContextException: Failed to start bean 'webServerStartStop'
2026-03-23T17:54:29.591+05:30  INFO 12960 --- [           main] j.LocalContainerEntityManagerFactoryBean : Closing JPA EntityManagerFactory for persistence unit 'default'
2026-03-23T17:54:29.596+05:30  INFO 12960 --- [           main] com.zaxxer.hikari.HikariDataSource       : HikariPool-1 - Shutdown initiated...
2026-03-23T17:54:29.625+05:30  INFO 12960 --- [           main] com.zaxxer.hikari.HikariDataSource       : HikariPool-1 - Shutdown completed.
2026-03-23T17:54:29.657+05:30  INFO 12960 --- [           main] .s.b.a.l.ConditionEvaluationReportLogger : 

Error starting ApplicationContext. To display the condition evaluation report re-run your application with 'debug' enabled.
2026-03-23T17:54:29.717+05:30 ERROR 12960 --- [           main] o.s.b.d.LoggingFailureAnalysisReporter   : 

***************************
APPLICATION FAILED TO START
***************************

Description:

Web server failed to start. Port 8080 was already in use.

Action:

Identify and stop the process that's listening on port 8080 or configure this application to listen on another port.

[INFO] ------------------------------------------------------------------------
[INFO] BUILD FAILURE
[INFO] ------------------------------------------------------------------------
[INFO] Total time:  32.411 s
[INFO] Finished at: 2026-03-23T17:54:29+05:30
[INFO] ------------------------------------------------------------------------
[ERROR] Failed to execute goal org.springframework.boot:spring-boot-maven-plugin:3.5.10:run (default-cli) on project passwordmanager: Process terminated with exit code: 1 -> [Help 1]
[ERROR] 
[ERROR] To see the full stack trace of the errors, re-run Maven with the -e switch.
[ERROR] Re-run Maven using the -X switch to enable full debug logging.
[ERROR] 
[ERROR] For more information about the errors and possible solutions, please read the following articles:
[ERROR] [Help 1] http://cwiki.apache.org/confluence/display/MAVEN/MojoExecutionException
